<?xml version="1.0" encoding="UTF-8"?>
<!-- Generated by org.testng.reporters.JUnitReportReporter -->
<testsuite skipped="0" hostname="WKWIN5822883" name="TestCases.TC_Login" tests="2" failures="0" timestamp="22 May 2019 12:37:36 GMT" time="46.648" errors="0">
  <testcase name="DateCheck" time="12.796" classname="TestCases.TC_Login"/>
  <testcase name="Login" time="33.852" classname="TestCases.TC_Login"/>
</testsuite> <!-- TestCases.TC_Login -->
