<?xml version="1.0" encoding="UTF-8"?>
<!-- Generated by org.testng.reporters.JUnitReportReporter -->
<testsuite skipped="0" hostname="WKWIN5822883" name="TestCases.LoginTestCases" tests="1" failures="0" timestamp="13 Nov 2018 07:42:46 GMT" time="86.621" errors="0">
  <testcase name="Login" time="86.621" classname="TestCases.LoginTestCases"/>
</testsuite> <!-- TestCases.LoginTestCases -->
