<?xml version="1.0" encoding="UTF-8"?>
<!-- Generated by org.testng.reporters.JUnitReportReporter -->
<testsuite skipped="0" hostname="WKWIN5822883" name="TestCases.LoginTestCase" tests="2" failures="0" timestamp="15 Nov 2018 06:15:54 GMT" time="125.910" errors="0">
  <testcase name="DateCheck" time="6.331" classname="TestCases.LoginTestCase"/>
  <testcase name="Login" time="119.579" classname="TestCases.LoginTestCase"/>
</testsuite> <!-- TestCases.LoginTestCase -->
