<?xml version="1.0" encoding="UTF-8"?>
<!-- Generated by org.testng.reporters.JUnitReportReporter -->
<testsuite skipped="0" hostname="WKWIN5822883" name="TestCases.ApplicationLaunch" tests="1" failures="0" timestamp="15 Nov 2018 05:33:57 GMT" time="6.415" errors="0">
  <testcase name="initializeDriver" time="6.415" classname="TestCases.ApplicationLaunch"/>
</testsuite> <!-- TestCases.ApplicationLaunch -->
