<?xml version="1.0" encoding="UTF-8"?>
<!-- Generated by org.testng.reporters.JUnitReportReporter -->
<testsuite skipped="0" hostname="WKWIN5822883" name="TestCases.FlightFinderTestCase" tests="1" failures="0" timestamp="15 Nov 2018 06:27:50 GMT" time="16.176" errors="0">
  <testcase name="SearchFlight" time="16.176" classname="TestCases.FlightFinderTestCase"/>
</testsuite> <!-- TestCases.FlightFinderTestCase -->
