<?xml version="1.0" encoding="UTF-8"?>
<!-- Generated by org.testng.reporters.JUnitReportReporter -->
<testsuite skipped="0" hostname="WKWIN5822883" name="TestCases.TC_Login" tests="2" failures="0" timestamp="07 Dec 2018 08:58:42 GMT" time="67.573" errors="0">
  <testcase name="DateCheck" time="8.499" classname="TestCases.TC_Login"/>
  <testcase name="Login" time="59.074" classname="TestCases.TC_Login"/>
</testsuite> <!-- TestCases.TC_Login -->
